<?xml version="1.0" encoding="UTF-8"?>
<!-- Generated by org.testng.reporters.JUnitReportReporter -->
<testsuite skipped="0" hostname="gill" name="test.NewTest" tests="1" failures="0" timestamp="20 Mar 2019 09:01:54 GMT" time="0.022" errors="0">
  <testcase name="sum" time="0.022" classname="test.NewTest"/>
</testsuite> <!-- test.NewTest -->
