<?xml version="1.0" encoding="UTF-8"?>
<!-- Generated by org.testng.reporters.JUnitReportReporter -->
<testsuite skipped="0" hostname="gill" name="maven_demo_test.maven_demo_test.NewTest" tests="1" failures="0" timestamp="11 Mar 2019 14:44:28 GMT" time="0.018" errors="0">
  <testcase name="f" time="0.018" classname="maven_demo_test.maven_demo_test.NewTest"/>
</testsuite> <!-- maven_demo_test.maven_demo_test.NewTest -->
