<?xml version="1.0" encoding="UTF-8"?>
<!-- Generated by org.testng.reporters.JUnitReportReporter -->
<testsuite hostname="gill" name="test.NewTest" tests="1" failures="0" timestamp="20 Mar 2019 09:24:48 GMT" time="0.025" errors="0">
  <testcase name="sum" time="0.025" classname="test.NewTest"/>
</testsuite> <!-- test.NewTest -->
